  Camera.cpp
  Light.cpp
D:\ARendering\RenderingAssignment\OpenGLCourseApp_Ambient\OpenGLCourseApp\OpenGLCourseApp\Light.cpp(17,14): warning C4244: 'argument': conversion from 'GLfloat' to 'GLint', possible loss of data
D:\ARendering\RenderingAssignment\OpenGLCourseApp_Ambient\OpenGLCourseApp\OpenGLCourseApp\Light.cpp(18,14): warning C4244: 'argument': conversion from 'GLfloat' to 'GLint', possible loss of data
  main.cpp
D:\ARendering\RenderingAssignment\OpenGLCourseApp_Ambient\OpenGLCourseApp\OpenGLCourseApp\main.cpp(99,15): warning C4244: 'initializing': conversion from 'double' to 'GLfloat', possible loss of data
D:\ARendering\RenderingAssignment\OpenGLCourseApp_Ambient\OpenGLCourseApp\OpenGLCourseApp\main.cpp(120,47): warning C4244: 'argument': conversion from 'GLuint' to 'GLfloat', possible loss of data
D:\ARendering\RenderingAssignment\OpenGLCourseApp_Ambient\OpenGLCourseApp\OpenGLCourseApp\main.cpp(120,22): warning C4244: 'argument': conversion from 'GLuint' to 'GLfloat', possible loss of data
  Mesh.cpp
  Shader.cpp
  Texture.cpp
  Window.cpp
D:\ARendering\RenderingAssignment\OpenGLCourseApp_Ambient\OpenGLCourseApp\OpenGLCourseApp\Window.cpp(136,22): warning C4244: '=': conversion from 'double' to 'GLfloat', possible loss of data
D:\ARendering\RenderingAssignment\OpenGLCourseApp_Ambient\OpenGLCourseApp\OpenGLCourseApp\Window.cpp(137,22): warning C4244: '=': conversion from 'double' to 'GLfloat', possible loss of data
D:\ARendering\RenderingAssignment\OpenGLCourseApp_Ambient\OpenGLCourseApp\OpenGLCourseApp\Window.cpp(141,28): warning C4244: '=': conversion from 'double' to 'GLfloat', possible loss of data
D:\ARendering\RenderingAssignment\OpenGLCourseApp_Ambient\OpenGLCourseApp\OpenGLCourseApp\Window.cpp(142,40): warning C4244: '=': conversion from 'double' to 'GLfloat', possible loss of data
D:\ARendering\RenderingAssignment\OpenGLCourseApp_Ambient\OpenGLCourseApp\OpenGLCourseApp\Window.cpp(144,21): warning C4244: '=': conversion from 'double' to 'GLfloat', possible loss of data
D:\ARendering\RenderingAssignment\OpenGLCourseApp_Ambient\OpenGLCourseApp\OpenGLCourseApp\Window.cpp(145,21): warning C4244: '=': conversion from 'double' to 'GLfloat', possible loss of data
  Generating Code...
D:\ARendering\RenderingAssignment\OpenGLCourseApp_Ambient\OpenGLCourseApp\OpenGLCourseApp\Window.cpp(86): warning C4715: 'Window::Initialise': not all control paths return a value
LINK : warning LNK4098: defaultlib 'MSVCRT' conflicts with use of other libs; use /NODEFAULTLIB:library
  OpenGLCourseApp.vcxproj -> D:\ARendering\RenderingAssignment\OpenGLCourseApp_Ambient\OpenGLCourseApp\Debug\OpenGLCourseApp.exe
